[INFO] 21:17:15:197 CPU/(3999:3999): Iniciando el proceo CPU...
[INFO] 21:17:15:197 CPU/(3999:3999): Cargando configuracion de CPU.
[INFO] 21:17:15:197 CPU/(3999:3999): Configuración OK.
[INFO] 21:17:15:197 CPU/(3999:3999): Conectando al Nucleo...
[INFO] 21:20:00:921 CPU/(3999:3999): Se desconecto el Servidor Nucleo.

[INFO] 21:20:27:880 CPU/(4576:4576): Iniciando el proceo CPU...
[INFO] 21:20:27:884 CPU/(4576:4576): Cargando configuracion de CPU.
[INFO] 21:20:27:884 CPU/(4576:4576): Configuración OK.
[INFO] 21:20:27:885 CPU/(4576:4576): Conectando al Nucleo...
[INFO] 21:20:37:288 CPU/(4576:4576): Se desconecto el UMC.

[INFO] 21:21:27:391 CPU/(4994:4994): Iniciando el proceo CPU...
[INFO] 21:21:27:391 CPU/(4994:4994): Cargando configuracion de CPU.
[INFO] 21:21:27:391 CPU/(4994:4994): Configuración OK.
[INFO] 21:21:27:391 CPU/(4994:4994): Conectando al Nucleo...
[INFO] 21:21:52:444 CPU/(4994:4994): Se desconecto el Servidor Nucleo.

[INFO] 23:32:36:128 CPU/(6260:6260): Iniciando el proceo CPU...
[INFO] 23:32:36:139 CPU/(6260:6260): Cargando configuracion de CPU.
[INFO] 23:32:36:140 CPU/(6260:6260): Configuración OK.
[INFO] 23:32:36:140 CPU/(6260:6260): Conectando al Nucleo...
[INFO] 23:33:33:272 CPU/(6260:6260): Se desconecto el Servidor Nucleo.

[INFO] 23:36:44:310 CPU/(6748:6748): Iniciando el proceo CPU...
[INFO] 23:36:44:310 CPU/(6748:6748): Cargando configuracion de CPU.
[INFO] 23:36:44:310 CPU/(6748:6748): Configuración OK.
[INFO] 23:36:44:310 CPU/(6748:6748): Conectando al Nucleo...
[INFO] 23:37:18:978 CPU/(6748:6748): Se desconecto el Servidor Nucleo.

[INFO] 23:38:20:75 CPU/(7211:7211): Iniciando el proceo CPU...
[INFO] 23:38:20:75 CPU/(7211:7211): Cargando configuracion de CPU.
[INFO] 23:38:20:75 CPU/(7211:7211): Configuración OK.
[INFO] 23:38:20:75 CPU/(7211:7211): Conectando al Nucleo...
[INFO] 23:39:22:506 CPU/(7211:7211): Se desconecto el Servidor Nucleo.

[INFO] 23:40:57:221 CPU/(7707:7707): Iniciando el proceo CPU...
[INFO] 23:40:57:221 CPU/(7707:7707): Cargando configuracion de CPU.
[INFO] 23:40:57:222 CPU/(7707:7707): Configuración OK.
[INFO] 23:40:57:222 CPU/(7707:7707): Conectando al Nucleo...
[INFO] 23:41:41:39 CPU/(7707:7707): Se desconecto el Servidor Nucleo.

[INFO] 00:02:04:572 CPU/(8501:8501): Iniciando el proceo CPU...
[INFO] 00:02:04:572 CPU/(8501:8501): Cargando configuracion de CPU.
[INFO] 00:02:04:572 CPU/(8501:8501): Configuración OK.
[INFO] 00:02:04:572 CPU/(8501:8501): Conectando al Nucleo...
[INFO] 00:05:14:710 CPU/(8501:8501): Se desconecto el Servidor Nucleo.

[INFO] 00:05:53:375 CPU/(9097:9097): Iniciando el proceo CPU...
[INFO] 00:05:53:379 CPU/(9097:9097): Cargando configuracion de CPU.
[INFO] 00:05:53:379 CPU/(9097:9097): Configuración OK.
[INFO] 00:05:53:379 CPU/(9097:9097): Conectando al Nucleo...
[INFO] 00:08:32:518 CPU/(9097:9097): Se desconecto el Servidor Nucleo.

[INFO] 00:10:32:954 CPU/(9906:9906): Iniciando el proceo CPU...
[INFO] 00:10:32:963 CPU/(9906:9906): Cargando configuracion de CPU.
[INFO] 00:10:32:969 CPU/(9906:9906): Configuración OK.
[INFO] 00:10:32:969 CPU/(9906:9906): Conectando al Nucleo...
[INFO] 00:19:59:387 CPU/(10564:10564): Iniciando el proceo CPU...
[INFO] 00:19:59:391 CPU/(10564:10564): Cargando configuracion de CPU.
[INFO] 00:19:59:391 CPU/(10564:10564): Configuración OK.
[INFO] 00:19:59:391 CPU/(10564:10564): Conectando al Nucleo...
[INFO] 00:27:28:125 CPU/(11132:11132): Iniciando el proceo CPU...
[INFO] 00:27:28:138 CPU/(11132:11132): Cargando configuracion de CPU.
[INFO] 00:27:28:138 CPU/(11132:11132): Configuración OK.
[INFO] 00:27:28:138 CPU/(11132:11132): Conectando al Nucleo...
[INFO] 00:29:59:243 CPU/(11132:11132): Se desconecto el Servidor Nucleo.

[INFO] 21:42:40:500 CPU/(3337:3337): Iniciando el proceo CPU...
[INFO] 21:42:40:504 CPU/(3337:3337): Cargando configuracion de CPU.
[INFO] 21:42:40:516 CPU/(3337:3337): Configuración OK.
[INFO] 21:42:40:516 CPU/(3337:3337): Conectando al Nucleo...
[INFO] 21:54:18:15 CPU/(3337:3337): Se desconecto el Servidor Nucleo.

[INFO] 21:55:43:273 CPU/(4030:4030): Iniciando el proceo CPU...
[INFO] 21:55:43:273 CPU/(4030:4030): Cargando configuracion de CPU.
[INFO] 21:55:43:274 CPU/(4030:4030): Configuración OK.
[INFO] 21:55:43:274 CPU/(4030:4030): Conectando al Nucleo...
[INFO] 21:58:59:771 CPU/(4030:4030): Se desconecto el Servidor Nucleo.

[INFO] 22:03:26:563 CPU/(4734:4734): Iniciando el proceo CPU...
[INFO] 22:03:26:563 CPU/(4734:4734): Cargando configuracion de CPU.
[INFO] 22:03:26:563 CPU/(4734:4734): Configuración OK.
[INFO] 22:03:26:563 CPU/(4734:4734): Conectando al Nucleo...
[INFO] 22:07:48:627 CPU/(5348:5348): Iniciando el proceo CPU...
[INFO] 22:07:48:628 CPU/(5348:5348): Cargando configuracion de CPU.
[INFO] 22:07:48:628 CPU/(5348:5348): Configuración OK.
[INFO] 22:07:48:628 CPU/(5348:5348): Conectando al Nucleo...
[INFO] 00:19:50:669 CPU/(5348:5348): Se desconecto el Servidor Nucleo.

[INFO] 00:23:18:329 CPU/(6092:6092): Iniciando el proceo CPU...
[INFO] 00:23:18:330 CPU/(6092:6092): Cargando configuracion de CPU.
[INFO] 00:23:18:330 CPU/(6092:6092): Configuración OK.
[INFO] 00:23:18:331 CPU/(6092:6092): Conectando al Nucleo...
[INFO] 00:24:56:573 CPU/(6696:6696): Iniciando el proceo CPU...
[INFO] 00:24:56:573 CPU/(6696:6696): Cargando configuracion de CPU.
[INFO] 00:24:56:573 CPU/(6696:6696): Configuración OK.
[INFO] 00:24:56:573 CPU/(6696:6696): Conectando al Nucleo...
[INFO] 20:20:49:153 CPU/(7506:7506): Iniciando el proceo CPU...
[INFO] 20:20:49:159 CPU/(7506:7506): Cargando configuracion de CPU.
[INFO] 20:20:49:168 CPU/(7506:7506): Configuración OK.
[INFO] 20:20:49:168 CPU/(7506:7506): Conectando al Nucleo...
[INFO] 20:23:07:743 CPU/(7988:7988): Iniciando el proceo CPU...
[INFO] 20:23:07:743 CPU/(7988:7988): Cargando configuracion de CPU.
[INFO] 20:23:07:743 CPU/(7988:7988): Configuración OK.
[INFO] 20:23:07:743 CPU/(7988:7988): Conectando al Nucleo...
[INFO] 20:25:27:96 CPU/(8455:8455): Iniciando el proceo CPU...
[INFO] 20:25:27:96 CPU/(8455:8455): Cargando configuracion de CPU.
[INFO] 20:25:27:96 CPU/(8455:8455): Configuración OK.
[INFO] 20:25:27:96 CPU/(8455:8455): Conectando al Nucleo...
[INFO] 20:30:37:696 CPU/(8980:8980): Iniciando el proceo CPU...
[INFO] 20:30:37:697 CPU/(8980:8980): Cargando configuracion de CPU.
[INFO] 20:30:37:697 CPU/(8980:8980): Configuración OK.
[INFO] 20:30:37:697 CPU/(8980:8980): Conectando al Nucleo...
[INFO] 20:36:38:680 CPU/(9490:9490): Iniciando el proceo CPU...
[INFO] 20:36:38:680 CPU/(9490:9490): Cargando configuracion de CPU.
[INFO] 20:36:38:680 CPU/(9490:9490): Configuración OK.
[INFO] 20:36:38:680 CPU/(9490:9490): Conectando al Nucleo...
[INFO] 20:41:03:993 CPU/(9983:9983): Iniciando el proceo CPU...
[INFO] 20:41:03:993 CPU/(9983:9983): Cargando configuracion de CPU.
[INFO] 20:41:03:993 CPU/(9983:9983): Configuración OK.
[INFO] 20:41:03:993 CPU/(9983:9983): Conectando al Nucleo...
[INFO] 20:42:21:390 CPU/(10406:10406): Iniciando el proceo CPU...
[INFO] 20:42:21:390 CPU/(10406:10406): Cargando configuracion de CPU.
[INFO] 20:42:21:390 CPU/(10406:10406): Configuración OK.
[INFO] 20:42:21:390 CPU/(10406:10406): Conectando al Nucleo...
[INFO] 20:43:28:613 CPU/(10522:10522): Iniciando el proceo CPU...
[INFO] 20:43:28:613 CPU/(10522:10522): Cargando configuracion de CPU.
[INFO] 20:43:28:613 CPU/(10522:10522): Configuración OK.
[INFO] 20:43:28:613 CPU/(10522:10522): Conectando al Nucleo...
[INFO] 20:44:36:218 CPU/(10522:10522): Error en lectura ANSIPROG...
[INFO] 20:44:36:218 CPU/(10522:10522): Se desconecto el Servidor Nucleo.

[INFO] 20:44:36:218 CPU/(10522:10522): CPU: Fin del programa
[INFO] 20:45:08:427 CPU/(10979:10979): Iniciando el proceo CPU...
[INFO] 20:45:08:427 CPU/(10979:10979): Cargando configuracion de CPU.
[INFO] 20:45:08:427 CPU/(10979:10979): Configuración OK.
[INFO] 20:45:08:427 CPU/(10979:10979): Conectando al Nucleo...
[INFO] 20:48:16:783 CPU/(11429:11429): Iniciando el proceo CPU...
[INFO] 20:48:16:783 CPU/(11429:11429): Cargando configuracion de CPU.
[INFO] 20:48:16:783 CPU/(11429:11429): Configuración OK.
[INFO] 20:48:16:783 CPU/(11429:11429): Conectando al Nucleo...
[INFO] 20:51:05:937 CPU/(11876:11876): Iniciando el proceo CPU...
[INFO] 20:51:05:937 CPU/(11876:11876): Cargando configuracion de CPU.
[INFO] 20:51:05:937 CPU/(11876:11876): Configuración OK.
[INFO] 20:51:05:937 CPU/(11876:11876): Conectando al Nucleo...
[INFO] 20:54:16:851 CPU/(12463:12463): Iniciando el proceo CPU...
[INFO] 20:54:16:851 CPU/(12463:12463): Cargando configuracion de CPU.
[INFO] 20:54:16:851 CPU/(12463:12463): Configuración OK.
[INFO] 20:54:16:852 CPU/(12463:12463): Conectando al Nucleo...
[INFO] 21:08:08:707 CPU/(12463:12463): Error en lectura ANSIPROG...
[INFO] 21:08:08:709 CPU/(12463:12463): Se desconecto el Servidor Nucleo.

[INFO] 21:08:08:710 CPU/(12463:12463): CPU: Fin del programa
[INFO] 21:08:29:593 CPU/(12887:12887): Iniciando el proceo CPU...
[INFO] 21:08:29:593 CPU/(12887:12887): Cargando configuracion de CPU.
[INFO] 21:08:29:593 CPU/(12887:12887): Configuración OK.
[INFO] 21:08:29:593 CPU/(12887:12887): Conectando al Nucleo...
[INFO] 21:11:19:661 CPU/(12887:12887): Error en lectura ANSIPROG...
[INFO] 21:11:19:661 CPU/(12887:12887): Se desconecto el Servidor Nucleo.

[INFO] 21:11:19:661 CPU/(12887:12887): CPU: Fin del programa
[INFO] 11:23:32:916 CPU/(13692:13692): Iniciando el proceo CPU...
[INFO] 11:23:32:916 CPU/(13692:13692): Cargando configuracion de CPU.
[INFO] 11:23:32:916 CPU/(13692:13692): Configuración OK.
[INFO] 11:23:32:916 CPU/(13692:13692): Conectando al Nucleo...
[INFO] 11:33:54:230 CPU/(14096:14096): Iniciando el proceo CPU...
[INFO] 11:33:54:230 CPU/(14096:14096): Cargando configuracion de CPU.
[INFO] 11:33:54:230 CPU/(14096:14096): Configuración OK.
[INFO] 11:33:54:230 CPU/(14096:14096): Conectando al Nucleo...
[INFO] 11:34:19:743 CPU/(14239:14239): Iniciando el proceo CPU...
[INFO] 11:34:19:744 CPU/(14239:14239): Cargando configuracion de CPU.
[INFO] 11:34:19:744 CPU/(14239:14239): Configuración OK.
[INFO] 11:34:19:744 CPU/(14239:14239): Conectando al Nucleo...
[INFO] 11:36:56:573 CPU/(14837:14837): Iniciando el proceo CPU...
[INFO] 11:36:56:576 CPU/(14837:14837): Cargando configuracion de CPU.
[INFO] 11:36:56:577 CPU/(14837:14837): Configuración OK.
[INFO] 11:36:56:577 CPU/(14837:14837): Conectando al Nucleo...
[INFO] 11:37:36:401 CPU/(14837:14837): Error en lectura ANSIPROG...
[INFO] 11:37:36:402 CPU/(14837:14837): Se desconecto el Servidor Nucleo.

[INFO] 11:37:36:402 CPU/(14837:14837): CPU: Fin del programa
[INFO] 11:37:51:953 CPU/(15378:15378): Iniciando el proceo CPU...
[INFO] 11:37:51:954 CPU/(15378:15378): Cargando configuracion de CPU.
[INFO] 11:37:51:954 CPU/(15378:15378): Configuración OK.
[INFO] 11:37:51:954 CPU/(15378:15378): Conectando al Nucleo...
[INFO] 11:38:50:113 CPU/(15378:15378): Error en lectura ANSIPROG...
[INFO] 11:38:50:113 CPU/(15378:15378): Se desconecto el Servidor Nucleo.

[INFO] 11:38:50:113 CPU/(15378:15378): CPU: Fin del programa
[INFO] 11:50:40:818 CPU/(15857:15857): Iniciando el proceo CPU...
[INFO] 11:50:40:818 CPU/(15857:15857): Cargando configuracion de CPU.
[INFO] 11:50:40:819 CPU/(15857:15857): Configuración OK.
[INFO] 11:50:40:819 CPU/(15857:15857): Conectando al Nucleo...
[INFO] 11:52:02:901 CPU/(15857:15857): Error en lectura ANSIPROG...
[INFO] 11:52:02:901 CPU/(15857:15857): Se desconecto el Servidor Nucleo.

[INFO] 11:52:02:901 CPU/(15857:15857): CPU: Fin del programa
[INFO] 11:52:46:218 CPU/(16287:16287): Iniciando el proceo CPU...
[INFO] 11:52:46:218 CPU/(16287:16287): Cargando configuracion de CPU.
[INFO] 11:52:46:219 CPU/(16287:16287): Configuración OK.
[INFO] 11:52:46:219 CPU/(16287:16287): Conectando al Nucleo...
[INFO] 11:54:01:782 CPU/(16287:16287): Error en lectura ANSIPROG...
[INFO] 11:54:01:782 CPU/(16287:16287): Se desconecto el Servidor Nucleo.

[INFO] 11:54:01:782 CPU/(16287:16287): CPU: Fin del programa
[INFO] 11:54:21:661 CPU/(16871:16871): Iniciando el proceo CPU...
[INFO] 11:54:21:661 CPU/(16871:16871): Cargando configuracion de CPU.
[INFO] 11:54:21:661 CPU/(16871:16871): Configuración OK.
[INFO] 11:54:21:662 CPU/(16871:16871): Conectando al Nucleo...
[INFO] 11:55:03:180 CPU/(16871:16871): Error en lectura ANSIPROG...
[INFO] 11:55:03:182 CPU/(16871:16871): Se desconecto el Servidor Nucleo.

[INFO] 11:55:03:182 CPU/(16871:16871): CPU: Fin del programa
[INFO] 11:55:23:431 CPU/(17429:17429): Iniciando el proceo CPU...
[INFO] 11:55:23:431 CPU/(17429:17429): Cargando configuracion de CPU.
[INFO] 11:55:23:431 CPU/(17429:17429): Configuración OK.
[INFO] 11:55:23:431 CPU/(17429:17429): Conectando al Nucleo...
[INFO] 11:58:59:610 CPU/(17853:17853): Iniciando el proceo CPU...
[INFO] 11:58:59:610 CPU/(17853:17853): Cargando configuracion de CPU.
[INFO] 11:58:59:610 CPU/(17853:17853): Configuración OK.
[INFO] 11:58:59:610 CPU/(17853:17853): Conectando al Nucleo...
[INFO] 12:00:50:708 CPU/(18571:18571): Iniciando el proceo CPU...
[INFO] 12:00:50:708 CPU/(18571:18571): Cargando configuracion de CPU.
[INFO] 12:00:50:708 CPU/(18571:18571): Configuración OK.
[INFO] 12:00:50:708 CPU/(18571:18571): Conectando al Nucleo...
[INFO] 12:02:17:469 CPU/(18828:18828): Iniciando el proceo CPU...
[INFO] 12:02:17:469 CPU/(18828:18828): Cargando configuracion de CPU.
[INFO] 12:02:17:469 CPU/(18828:18828): Configuración OK.
[INFO] 12:02:17:469 CPU/(18828:18828): Conectando al Nucleo...
[INFO] 12:04:01:996 CPU/(18948:18948): Iniciando el proceo CPU...
[INFO] 12:04:01:996 CPU/(18948:18948): Cargando configuracion de CPU.
[INFO] 12:04:01:996 CPU/(18948:18948): Configuración OK.
[INFO] 12:04:01:996 CPU/(18948:18948): Conectando al Nucleo...
[INFO] 12:04:28:858 CPU/(18987:18987): Iniciando el proceo CPU...
[INFO] 12:04:28:858 CPU/(18987:18987): Cargando configuracion de CPU.
[INFO] 12:04:28:858 CPU/(18987:18987): Configuración OK.
[INFO] 12:04:28:858 CPU/(18987:18987): Conectando al Nucleo...
[INFO] 12:06:42:961 CPU/(19091:19091): Iniciando el proceo CPU...
[INFO] 12:06:42:961 CPU/(19091:19091): Cargando configuracion de CPU.
[INFO] 12:06:42:961 CPU/(19091:19091): Configuración OK.
[INFO] 12:06:42:961 CPU/(19091:19091): Conectando al Nucleo...
[INFO] 12:09:02:267 CPU/(19212:19212): Iniciando el proceo CPU...
[INFO] 12:09:02:268 CPU/(19212:19212): Cargando configuracion de CPU.
[INFO] 12:09:02:268 CPU/(19212:19212): Configuración OK.
[INFO] 12:09:02:268 CPU/(19212:19212): Conectando al Nucleo...
[INFO] 12:11:49:332 CPU/(19212:19212): Error en lectura ANSIPROG...
[INFO] 12:11:49:332 CPU/(19212:19212): Se desconecto el Servidor Nucleo.

[INFO] 12:11:49:332 CPU/(19212:19212): CPU: Fin del programa
[INFO] 12:12:16:766 CPU/(19348:19348): Iniciando el proceo CPU...
[INFO] 12:12:16:766 CPU/(19348:19348): Cargando configuracion de CPU.
[INFO] 12:12:16:766 CPU/(19348:19348): Configuración OK.
[INFO] 12:12:16:766 CPU/(19348:19348): Conectando al Nucleo...
[INFO] 12:13:29:563 CPU/(19348:19348): Error en lectura ANSIPROG...
[INFO] 12:13:29:563 CPU/(19348:19348): Se desconecto el Servidor Nucleo.

[INFO] 12:13:29:563 CPU/(19348:19348): CPU: Fin del programa
[INFO] 12:23:13:963 CPU/(19918:19918): Iniciando el proceo CPU...
[INFO] 12:23:13:971 CPU/(19918:19918): Cargando configuracion de CPU.
[INFO] 12:23:13:972 CPU/(19918:19918): Configuración OK.
[INFO] 12:23:13:972 CPU/(19918:19918): Conectando al Nucleo...
[INFO] 12:24:00:496 CPU/(19918:19918): Error en lectura ANSIPROG...
[INFO] 12:24:00:499 CPU/(19918:19918): Se desconecto el Servidor Nucleo.

[INFO] 12:24:00:499 CPU/(19918:19918): CPU: Fin del programa
[INFO] 12:24:27:362 CPU/(20091:20091): Iniciando el proceo CPU...
[INFO] 12:24:27:362 CPU/(20091:20091): Cargando configuracion de CPU.
[INFO] 12:24:27:362 CPU/(20091:20091): Configuración OK.
[INFO] 12:24:27:362 CPU/(20091:20091): Conectando al Nucleo...
[INFO] 12:25:27:37 CPU/(20198:20198): Iniciando el proceo CPU...
[INFO] 12:25:27:37 CPU/(20198:20198): Cargando configuracion de CPU.
[INFO] 12:25:27:38 CPU/(20198:20198): Configuración OK.
[INFO] 12:25:27:38 CPU/(20198:20198): Conectando al Nucleo...
[INFO] 12:26:14:390 CPU/(20301:20301): Iniciando el proceo CPU...
[INFO] 12:26:14:390 CPU/(20301:20301): Cargando configuracion de CPU.
[INFO] 12:26:14:391 CPU/(20301:20301): Configuración OK.
[INFO] 12:26:14:391 CPU/(20301:20301): Conectando al Nucleo...
[INFO] 12:50:41:295 CPU/(20693:20693): Iniciando el proceo CPU...
[INFO] 12:50:41:296 CPU/(20693:20693): Cargando configuracion de CPU.
[INFO] 12:50:41:296 CPU/(20693:20693): Configuración OK.
[INFO] 12:50:41:296 CPU/(20693:20693): Conectando al Nucleo...
[INFO] 12:53:04:459 CPU/(20836:20836): Iniciando el proceo CPU...
[INFO] 12:53:04:459 CPU/(20836:20836): Cargando configuracion de CPU.
[INFO] 12:53:04:459 CPU/(20836:20836): Configuración OK.
[INFO] 12:53:04:459 CPU/(20836:20836): Conectando al Nucleo...
[INFO] 12:59:54:229 CPU/(21108:21108): Iniciando el proceo CPU...
[INFO] 12:59:54:229 CPU/(21108:21108): Cargando configuracion de CPU.
[INFO] 12:59:54:229 CPU/(21108:21108): Configuración OK.
[INFO] 12:59:54:229 CPU/(21108:21108): Conectando al Nucleo...
[INFO] 13:02:38:334 CPU/(21323:21323): Iniciando el proceo CPU...
[INFO] 13:02:38:334 CPU/(21323:21323): Cargando configuracion de CPU.
[INFO] 13:02:38:335 CPU/(21323:21323): Configuración OK.
[INFO] 13:02:38:335 CPU/(21323:21323): Conectando al Nucleo...
[INFO] 13:03:38:575 CPU/(21772:21772): Iniciando el proceo CPU...
[INFO] 13:03:38:576 CPU/(21772:21772): Cargando configuracion de CPU.
[INFO] 13:03:38:576 CPU/(21772:21772): Configuración OK.
[INFO] 13:03:38:576 CPU/(21772:21772): Conectando al Nucleo...
[INFO] 13:03:52:563 CPU/(21808:21808): Iniciando el proceo CPU...
[INFO] 13:03:52:563 CPU/(21808:21808): Cargando configuracion de CPU.
[INFO] 13:03:52:563 CPU/(21808:21808): Configuración OK.
[INFO] 13:03:52:563 CPU/(21808:21808): Conectando al Nucleo...
[INFO] 14:33:35:599 CPU/(22471:22471): Iniciando el proceo CPU...
[INFO] 14:33:35:599 CPU/(22471:22471): Cargando configuracion de CPU.
[INFO] 14:33:35:600 CPU/(22471:22471): Configuración OK.
[INFO] 14:33:35:600 CPU/(22471:22471): Conectando al Nucleo...
[INFO] 15:07:55:956 CPU/(23003:23003): Iniciando el proceo CPU...
[INFO] 15:07:56:5 CPU/(23003:23003): Cargando configuracion de CPU.
[INFO] 15:07:56:18 CPU/(23003:23003): Configuración OK.
[INFO] 15:07:56:18 CPU/(23003:23003): Conectando al Nucleo...
[INFO] 15:11:00:12 CPU/(23153:23153): Iniciando el proceo CPU...
[INFO] 15:11:00:12 CPU/(23153:23153): Cargando configuracion de CPU.
[INFO] 15:11:00:12 CPU/(23153:23153): Configuración OK.
[INFO] 15:11:00:12 CPU/(23153:23153): Conectando al Nucleo...
[INFO] 15:14:48:298 CPU/(23343:23343): Iniciando el proceo CPU...
[INFO] 15:14:48:345 CPU/(23343:23343): Cargando configuracion de CPU.
[INFO] 15:14:48:345 CPU/(23343:23343): Configuración OK.
[INFO] 15:14:48:345 CPU/(23343:23343): Conectando al Nucleo...
[INFO] 15:18:20:779 CPU/(23533:23533): Iniciando el proceo CPU...
[INFO] 15:18:20:780 CPU/(23533:23533): Cargando configuracion de CPU.
[INFO] 15:18:20:788 CPU/(23533:23533): Configuración OK.
[INFO] 15:18:20:788 CPU/(23533:23533): Conectando al Nucleo...
[INFO] 15:21:26:416 CPU/(23773:23773): Iniciando el proceo CPU...
[INFO] 15:21:26:436 CPU/(23773:23773): Cargando configuracion de CPU.
[INFO] 15:21:26:450 CPU/(23773:23773): Configuración OK.
[INFO] 15:21:26:450 CPU/(23773:23773): Conectando al Nucleo...
[INFO] 15:24:06:942 CPU/(24006:24006): Iniciando el proceo CPU...
[INFO] 15:24:06:942 CPU/(24006:24006): Cargando configuracion de CPU.
[INFO] 15:24:06:943 CPU/(24006:24006): Configuración OK.
[INFO] 15:24:06:943 CPU/(24006:24006): Conectando al Nucleo...
[INFO] 15:46:38:632 CPU/(24739:24739): Iniciando el proceo CPU...
[INFO] 15:46:38:658 CPU/(24739:24739): Cargando configuracion de CPU.
[INFO] 15:46:38:671 CPU/(24739:24739): Configuración OK.
[INFO] 15:46:38:671 CPU/(24739:24739): Conectando al Nucleo...
[INFO] 15:47:11:661 CPU/(24739:24739): Se desconecto el Servidor Nucleo.

[INFO] 15:47:11:661 CPU/(24739:24739): CPU: Fin del programa
[INFO] 15:48:22:771 CPU/(24942:24942): Iniciando el proceo CPU...
[INFO] 15:48:22:771 CPU/(24942:24942): Cargando configuracion de CPU.
[INFO] 15:48:22:772 CPU/(24942:24942): Configuración OK.
[INFO] 15:48:22:772 CPU/(24942:24942): Conectando al Nucleo...
[INFO] 15:53:31:78 CPU/(25166:25166): Iniciando el proceo CPU...
[INFO] 15:53:31:78 CPU/(25166:25166): Cargando configuracion de CPU.
[INFO] 15:53:31:78 CPU/(25166:25166): Configuración OK.
[INFO] 15:53:31:78 CPU/(25166:25166): Conectando al Nucleo...
[INFO] 15:54:23:845 CPU/(25294:25294): Iniciando el proceo CPU...
[INFO] 15:54:23:845 CPU/(25294:25294): Cargando configuracion de CPU.
[INFO] 15:54:23:845 CPU/(25294:25294): Configuración OK.
[INFO] 15:54:23:845 CPU/(25294:25294): Conectando al Nucleo...
[INFO] 15:54:38:555 CPU/(25626:25626): Iniciando el proceo CPU...
[INFO] 15:54:38:569 CPU/(25626:25626): Cargando configuracion de CPU.
[INFO] 15:54:38:569 CPU/(25626:25626): Configuración OK.
[INFO] 15:54:38:569 CPU/(25626:25626): Conectando al Nucleo...
[INFO] 15:54:46:936 CPU/(25294:25294): Se desconecto el Servidor Nucleo.

[INFO] 15:54:46:937 CPU/(25294:25294): CPU: Fin del programa
[INFO] 15:55:00:817 CPU/(25704:25704): Iniciando el proceo CPU...
[INFO] 15:55:00:817 CPU/(25704:25704): Cargando configuracion de CPU.
[INFO] 15:55:00:817 CPU/(25704:25704): Configuración OK.
[INFO] 15:55:00:817 CPU/(25704:25704): Conectando al Nucleo...
[INFO] 15:57:35:819 CPU/(26101:26101): Iniciando el proceo CPU...
[INFO] 15:57:35:819 CPU/(26101:26101): Cargando configuracion de CPU.
[INFO] 15:57:35:819 CPU/(26101:26101): Configuración OK.
[INFO] 15:57:35:819 CPU/(26101:26101): Conectando al Nucleo...
[INFO] 16:02:33:511 CPU/(26354:26354): Iniciando el proceo CPU...
[INFO] 16:02:33:549 CPU/(26354:26354): Cargando configuracion de CPU.
[INFO] 16:02:33:565 CPU/(26354:26354): Configuración OK.
[INFO] 16:02:33:565 CPU/(26354:26354): Conectando al Nucleo...
[INFO] 16:04:29:929 CPU/(26514:26514): Iniciando el proceo CPU...
[INFO] 16:04:29:929 CPU/(26514:26514): Cargando configuracion de CPU.
[INFO] 16:04:29:929 CPU/(26514:26514): Configuración OK.
[INFO] 16:04:29:929 CPU/(26514:26514): Conectando al Nucleo...
[INFO] 16:06:12:674 CPU/(26819:26819): Iniciando el proceo CPU...
[INFO] 16:06:12:674 CPU/(26819:26819): Cargando configuracion de CPU.
[INFO] 16:06:12:675 CPU/(26819:26819): Configuración OK.
[INFO] 16:06:12:675 CPU/(26819:26819): Conectando al Nucleo...
[INFO] 16:09:30:319 CPU/(27085:27085): Iniciando el proceo CPU...
[INFO] 16:09:30:378 CPU/(27085:27085): Cargando configuracion de CPU.
[INFO] 16:09:30:393 CPU/(27085:27085): Configuración OK.
[INFO] 16:09:30:393 CPU/(27085:27085): Conectando al Nucleo...
[INFO] 16:11:28:318 CPU/(27263:27263): Iniciando el proceo CPU...
[INFO] 16:11:28:318 CPU/(27263:27263): Cargando configuracion de CPU.
[INFO] 16:11:28:318 CPU/(27263:27263): Configuración OK.
[INFO] 16:11:28:318 CPU/(27263:27263): Conectando al Nucleo...
[INFO] 16:12:23:488 CPU/(27263:27263): Error en lectura ANSIPROG...
[INFO] 16:12:23:489 CPU/(27263:27263): Se desconecto el Servidor Nucleo.

[INFO] 16:12:23:489 CPU/(27263:27263): CPU: Fin del programa
[INFO] 16:12:43:30 CPU/(27392:27392): Iniciando el proceo CPU...
[INFO] 16:12:43:30 CPU/(27392:27392): Cargando configuracion de CPU.
[INFO] 16:12:43:55 CPU/(27392:27392): Configuración OK.
[INFO] 16:12:43:55 CPU/(27392:27392): Conectando al Nucleo...
[INFO] 16:17:16:848 CPU/(27653:27653): Iniciando el proceo CPU...
[INFO] 16:17:16:893 CPU/(27653:27653): Cargando configuracion de CPU.
[INFO] 16:17:16:908 CPU/(27653:27653): Configuración OK.
[INFO] 16:17:16:909 CPU/(27653:27653): Conectando al Nucleo...
[INFO] 16:34:34:126 CPU/(27896:27896): Iniciando el proceo CPU...
[INFO] 16:34:34:166 CPU/(27896:27896): Cargando configuracion de CPU.
[INFO] 16:34:34:172 CPU/(27896:27896): Configuración OK.
[INFO] 16:34:34:172 CPU/(27896:27896): Conectando al Nucleo...
[INFO] 16:35:53:2 CPU/(28012:28012): Iniciando el proceo CPU...
[INFO] 16:35:53:2 CPU/(28012:28012): Cargando configuracion de CPU.
[INFO] 16:35:53:2 CPU/(28012:28012): Configuración OK.
[INFO] 16:35:53:2 CPU/(28012:28012): Conectando al Nucleo...
[INFO] 16:44:26:636 CPU/(28280:28280): Iniciando el proceo CPU...
[INFO] 16:44:26:636 CPU/(28280:28280): Cargando configuracion de CPU.
[INFO] 16:44:26:636 CPU/(28280:28280): Configuración OK.
[INFO] 16:44:26:636 CPU/(28280:28280): Conectando al Nucleo...
[INFO] 16:47:39:437 CPU/(28510:28510): Iniciando el proceo CPU...
[INFO] 16:47:39:437 CPU/(28510:28510): Cargando configuracion de CPU.
[INFO] 16:47:39:452 CPU/(28510:28510): Configuración OK.
[INFO] 16:47:39:452 CPU/(28510:28510): Conectando al Nucleo...
[INFO] 16:59:05:294 CPU/(28791:28791): Iniciando el proceo CPU...
[INFO] 16:59:05:294 CPU/(28791:28791): Cargando configuracion de CPU.
[INFO] 16:59:05:335 CPU/(28791:28791): Configuración OK.
[INFO] 16:59:05:335 CPU/(28791:28791): Conectando al Nucleo...
[ERROR] 17:00:58:524 CPU/(28791:28791): No se pudo enviar el header!
