[INFO] 10:59:44:253 SWAP/(3160:3160): Arancando el proceso SWAP...
[INFO] 10:59:44:260 SWAP/(3160:3160): Configuracion cargada satisfactoriamente...
[INFO] 10:59:44:262 SWAP/(3160:3160): Puerto de escucha: 6000
[INFO] 10:59:44:262 SWAP/(3160:3160): Nombre del archivo Swap: swap_data
[INFO] 10:59:44:262 SWAP/(3160:3160): Cantidad de paginas: 512
[INFO] 10:59:44:262 SWAP/(3160:3160): Tamanio de pagina: 1024
[INFO] 10:59:44:262 SWAP/(3160:3160): Retardo de compactacion: 60000
[INFO] 10:59:44:263 SWAP/(3160:3160): Esperando conexiones...
[INFO] 11:46:28:819 SWAP/(4155:4155): Arancando el proceso SWAP...
[INFO] 11:46:28:843 SWAP/(4155:4155): Configuracion cargada satisfactoriamente...
[INFO] 11:46:28:853 SWAP/(4155:4155): Puerto de escucha: 6000
[INFO] 11:46:28:853 SWAP/(4155:4155): Nombre del archivo Swap: swap_data
[INFO] 11:46:28:856 SWAP/(4155:4155): Cantidad de paginas: 512
[INFO] 11:46:28:856 SWAP/(4155:4155): Tamanio de pagina: 1024
[INFO] 11:46:28:856 SWAP/(4155:4155): Retardo de compactacion: 60000
[ERROR] 11:46:28:859 SWAP/(4155:4155): Error inicializando el archivo de disco...
[ERROR] 11:46:28:859 SWAP/(4155:4155): Error al crear la particion SWAP
[INFO] 17:22:58:291 SWAP/(3500:3500): Arancando el proceso SWAP...
[INFO] 17:22:58:292 SWAP/(3500:3500): Configuracion cargada satisfactoriamente...
[INFO] 17:22:58:292 SWAP/(3500:3500): Puerto de escucha: 6000
[INFO] 17:22:58:292 SWAP/(3500:3500): Nombre del archivo Swap: swap_data
[INFO] 17:22:58:292 SWAP/(3500:3500): Cantidad de paginas: 512
[INFO] 17:22:58:292 SWAP/(3500:3500): Tamanio de pagina: 1024
[INFO] 17:22:58:292 SWAP/(3500:3500): Retardo de compactacion: 60000
[ERROR] 17:22:58:294 SWAP/(3500:3500): Error inicializando el archivo de disco...
[ERROR] 17:22:58:294 SWAP/(3500:3500): Error al crear la particion SWAP
[INFO] 15:32:34:396 SWAP/(10326:10326): Arancando el proceso SWAP...
[INFO] 15:32:34:400 SWAP/(10326:10326): Configuracion cargada satisfactoriamente...
[INFO] 15:32:34:403 SWAP/(10326:10326): Puerto de escucha: 6000
[INFO] 15:32:34:403 SWAP/(10326:10326): Nombre del archivo Swap: swap_data
[INFO] 15:32:34:403 SWAP/(10326:10326): Cantidad de paginas: 512
[INFO] 15:32:34:404 SWAP/(10326:10326): Tamanio de pagina: 1024
[INFO] 15:32:34:404 SWAP/(10326:10326): Retardo de compactacion: 60000
[INFO] 15:32:34:479 SWAP/(10326:10326): Partición SWAP creada satisfactoriamente
[INFO] 15:32:34:481 SWAP/(10326:10326): Gestión de asignación del SWAP inicializada satisfactoriamente
[INFO] 15:32:34:482 SWAP/(10326:10326): Esperando conexiones...
[INFO] 15:38:52:217 SWAP/(10326:10326): Nuevo cliente conectado
[INFO] 15:44:52:300 SWAP/(10326:10326): Nuevo comando recibido: INICIALIZAR PROGRAMA...
[INFO] 15:44:52:558 SWAP/(10326:10326): PID: 1
[INFO] 15:44:52:558 SWAP/(10326:10326): Cantidad de paginas solicitadas: 3
[INFO] 15:44:52:559 SWAP/(10326:10326): Programa: #!/usr/bin/ansisop
begin
# primero declaro las variables
17
variables a, b a=20
print a end
[INFO] 15:44:52:559 SWAP/(10326:10326): Asignacion de paginas satisfactoria al proceso(PID 1): 0->2
[ERROR] 15:50:55:559 SWAP/(10326:10326): La UMC se desconecto u ocurrio un error de comunicacion
[INFO] 15:51:34:223 SWAP/(10657:10657): Arancando el proceso SWAP...
[INFO] 15:51:34:224 SWAP/(10657:10657): Configuracion cargada satisfactoriamente...
[INFO] 15:51:34:224 SWAP/(10657:10657): Puerto de escucha: 6000
[INFO] 15:51:34:224 SWAP/(10657:10657): Nombre del archivo Swap: swap_data
[INFO] 15:51:34:225 SWAP/(10657:10657): Cantidad de paginas: 512
[INFO] 15:51:34:225 SWAP/(10657:10657): Tamanio de pagina: 1024
[INFO] 15:51:34:225 SWAP/(10657:10657): Retardo de compactacion: 60000
[INFO] 15:51:34:286 SWAP/(10657:10657): Partición SWAP creada satisfactoriamente
[INFO] 15:51:34:289 SWAP/(10657:10657): Gestión de asignación del SWAP inicializada satisfactoriamente
[INFO] 15:51:34:289 SWAP/(10657:10657): Esperando conexiones...
[INFO] 15:51:37:647 SWAP/(10657:10657): Nuevo cliente conectado
[INFO] 15:51:51:282 SWAP/(10657:10657): Nuevo comando recibido: INICIALIZAR PROGRAMA...
[INFO] 15:51:51:485 SWAP/(10657:10657): PID: 1
[INFO] 15:51:51:486 SWAP/(10657:10657): Cantidad de paginas solicitadas: 3
[INFO] 15:51:51:486 SWAP/(10657:10657): Programa: #!/usr/bin/ansisop
begin
# primero declaro las variables
17
variables a, b a=20
print a end
[INFO] 15:51:51:488 SWAP/(10657:10657): Asignacion de paginas satisfactoria al proceso(PID 1): 0->2
[ERROR] 15:58:13:831 SWAP/(10657:10657): La UMC se desconecto u ocurrio un error de comunicacion
[INFO] 15:58:38:54 SWAP/(10853:10853): Arancando el proceso SWAP...
[INFO] 15:58:38:59 SWAP/(10853:10853): Configuracion cargada satisfactoriamente...
[INFO] 15:58:38:59 SWAP/(10853:10853): Puerto de escucha: 6000
[INFO] 15:58:38:59 SWAP/(10853:10853): Nombre del archivo Swap: swap_data
[INFO] 15:58:38:64 SWAP/(10853:10853): Cantidad de paginas: 512
[INFO] 15:58:38:64 SWAP/(10853:10853): Tamanio de pagina: 1024
[INFO] 15:58:38:64 SWAP/(10853:10853): Retardo de compactacion: 60000
[INFO] 15:58:38:153 SWAP/(10853:10853): Partición SWAP creada satisfactoriamente
[INFO] 15:58:38:156 SWAP/(10853:10853): Gestión de asignación del SWAP inicializada satisfactoriamente
[INFO] 15:58:38:157 SWAP/(10853:10853): Esperando conexiones...
[INFO] 15:58:43:853 SWAP/(10853:10853): Nuevo cliente conectado
[INFO] 15:58:59:505 SWAP/(10853:10853): Nuevo comando recibido: INICIALIZAR PROGRAMA...
[INFO] 15:58:59:707 SWAP/(10853:10853): PID: 1
[INFO] 15:58:59:708 SWAP/(10853:10853): Cantidad de paginas solicitadas: 3
[INFO] 15:58:59:708 SWAP/(10853:10853): Programa: #!/usr/bin/ansisop
begin
# primero declaro las variables
17
variables a, b a=20
print a end
[INFO] 15:58:59:710 SWAP/(10853:10853): Asignacion de paginas satisfactoria al proceso(PID 1): 0->2
[ERROR] 16:02:51:321 SWAP/(10853:10853): La UMC se desconecto u ocurrio un error de comunicacion
[INFO] 16:03:02:592 SWAP/(10970:10970): Arancando el proceso SWAP...
[INFO] 16:03:02:595 SWAP/(10970:10970): Configuracion cargada satisfactoriamente...
[INFO] 16:03:02:597 SWAP/(10970:10970): Puerto de escucha: 6000
[INFO] 16:03:02:598 SWAP/(10970:10970): Nombre del archivo Swap: swap_data
[INFO] 16:03:02:599 SWAP/(10970:10970): Cantidad de paginas: 512
[INFO] 16:03:02:601 SWAP/(10970:10970): Tamanio de pagina: 1024
[INFO] 16:03:02:602 SWAP/(10970:10970): Retardo de compactacion: 60000
[INFO] 16:03:02:689 SWAP/(10970:10970): Partición SWAP creada satisfactoriamente
[INFO] 16:03:02:695 SWAP/(10970:10970): Gestión de asignación del SWAP inicializada satisfactoriamente
[INFO] 16:03:02:695 SWAP/(10970:10970): Esperando conexiones...
[INFO] 16:03:14:23 SWAP/(10970:10970): Nuevo cliente conectado
[INFO] 16:03:33:932 SWAP/(10970:10970): Nuevo comando recibido: INICIALIZAR PROGRAMA...
[INFO] 16:03:34:133 SWAP/(10970:10970): PID: 1
[INFO] 16:03:34:134 SWAP/(10970:10970): Cantidad de paginas solicitadas: 3
[INFO] 16:03:34:134 SWAP/(10970:10970): Programa: #!/usr/bin/ansisop
begin
# primero declaro las variables
17
variables a, b a=20
print a end
[INFO] 16:03:34:135 SWAP/(10970:10970): Asignacion de paginas satisfactoria al proceso(PID 1): 0->2
[INFO] 16:06:31:110 SWAP/(10970:10970): Nuevo comando recibido: INICIALIZAR PROGRAMA...
[INFO] 16:06:31:389 SWAP/(10970:10970): PID: 1
[INFO] 16:06:31:390 SWAP/(10970:10970): Cantidad de paginas solicitadas: 3
[INFO] 16:06:31:391 SWAP/(10970:10970): Programa: #!/usr/bin/ansisop
begin
# primero declaro las variables
17
variables a, b a=20
print a end
[ERROR] 16:06:31:395 SWAP/(10970:10970): El proceso al que se desea asignar espacio ya se encuentra en la tabla de asignacion
[ERROR] 16:06:31:396 SWAP/(10970:10970): Error asignando espacio a proceso
[ERROR] 16:06:48:326 SWAP/(10970:10970): La UMC se desconecto u ocurrio un error de comunicacion
[INFO] 16:07:04:287 SWAP/(11182:11182): Arancando el proceso SWAP...
[INFO] 16:07:04:289 SWAP/(11182:11182): Configuracion cargada satisfactoriamente...
[INFO] 16:07:04:291 SWAP/(11182:11182): Puerto de escucha: 6000
[INFO] 16:07:04:294 SWAP/(11182:11182): Nombre del archivo Swap: swap_data
[INFO] 16:07:04:295 SWAP/(11182:11182): Cantidad de paginas: 512
[INFO] 16:07:04:296 SWAP/(11182:11182): Tamanio de pagina: 1024
[INFO] 16:07:04:297 SWAP/(11182:11182): Retardo de compactacion: 60000
[INFO] 16:07:04:360 SWAP/(11182:11182): Partición SWAP creada satisfactoriamente
[INFO] 16:07:04:365 SWAP/(11182:11182): Gestión de asignación del SWAP inicializada satisfactoriamente
[INFO] 16:07:04:365 SWAP/(11182:11182): Esperando conexiones...
[INFO] 16:07:20:251 SWAP/(11182:11182): Nuevo cliente conectado
[INFO] 16:07:27:713 SWAP/(11182:11182): Nuevo comando recibido: INICIALIZAR PROGRAMA...
[INFO] 16:07:27:916 SWAP/(11182:11182): PID: 1
[INFO] 16:07:27:916 SWAP/(11182:11182): Cantidad de paginas solicitadas: 3
[INFO] 16:07:27:916 SWAP/(11182:11182): Programa: #!/usr/bin/ansisop
begin
# primero declaro las variables
17
variables a, b a=20
print a end
[INFO] 16:07:27:916 SWAP/(11182:11182): Asignacion de paginas satisfactoria al proceso(PID 1): 0->2
[ERROR] 16:11:24:47 SWAP/(11182:11182): La UMC se desconecto u ocurrio un error de comunicacion
[INFO] 16:11:37:207 SWAP/(11294:11294): Arancando el proceso SWAP...
[INFO] 16:11:37:211 SWAP/(11294:11294): Configuracion cargada satisfactoriamente...
[INFO] 16:11:37:213 SWAP/(11294:11294): Puerto de escucha: 6000
[INFO] 16:11:37:213 SWAP/(11294:11294): Nombre del archivo Swap: swap_data
[INFO] 16:11:37:215 SWAP/(11294:11294): Cantidad de paginas: 512
[INFO] 16:11:37:215 SWAP/(11294:11294): Tamanio de pagina: 1024
[INFO] 16:11:37:215 SWAP/(11294:11294): Retardo de compactacion: 60000
[INFO] 16:11:37:290 SWAP/(11294:11294): Partición SWAP creada satisfactoriamente
[INFO] 16:11:37:299 SWAP/(11294:11294): Gestión de asignación del SWAP inicializada satisfactoriamente
[INFO] 16:11:37:299 SWAP/(11294:11294): Esperando conexiones...
[INFO] 16:11:39:319 SWAP/(11294:11294): Nuevo cliente conectado
[INFO] 16:19:35:38 SWAP/(11467:11467): Arancando el proceso SWAP...
[INFO] 16:19:35:39 SWAP/(11467:11467): Configuracion cargada satisfactoriamente...
[INFO] 16:19:35:39 SWAP/(11467:11467): Puerto de escucha: 6000
[INFO] 16:19:35:39 SWAP/(11467:11467): Nombre del archivo Swap: swap_data
[INFO] 16:19:35:40 SWAP/(11467:11467): Cantidad de paginas: 512
[INFO] 16:19:35:40 SWAP/(11467:11467): Tamanio de pagina: 1024
[INFO] 16:19:35:40 SWAP/(11467:11467): Retardo de compactacion: 60000
[INFO] 16:19:35:105 SWAP/(11467:11467): Partición SWAP creada satisfactoriamente
[INFO] 16:19:35:106 SWAP/(11467:11467): Gestión de asignación del SWAP inicializada satisfactoriamente
[INFO] 16:19:35:107 SWAP/(11467:11467): Esperando conexiones...
[INFO] 16:19:42:333 SWAP/(11467:11467): Nuevo cliente conectado
[ERROR] 16:25:08:842 SWAP/(11467:11467): La UMC se desconecto u ocurrio un error de comunicacion
[INFO] 16:25:17:678 SWAP/(11533:11533): Arancando el proceso SWAP...
[INFO] 16:25:17:684 SWAP/(11533:11533): Configuracion cargada satisfactoriamente...
[INFO] 16:25:17:687 SWAP/(11533:11533): Puerto de escucha: 6000
[INFO] 16:25:17:687 SWAP/(11533:11533): Nombre del archivo Swap: swap_data
[INFO] 16:25:17:688 SWAP/(11533:11533): Cantidad de paginas: 512
[INFO] 16:25:17:688 SWAP/(11533:11533): Tamanio de pagina: 1024
[INFO] 16:25:17:689 SWAP/(11533:11533): Retardo de compactacion: 60000
[INFO] 16:25:17:753 SWAP/(11533:11533): Partición SWAP creada satisfactoriamente
[INFO] 16:25:17:759 SWAP/(11533:11533): Gestión de asignación del SWAP inicializada satisfactoriamente
[INFO] 16:25:17:760 SWAP/(11533:11533): Esperando conexiones...
[INFO] 16:25:27:489 SWAP/(11533:11533): Nuevo cliente conectado
[INFO] 19:48:52:831 SWAP/(3434:3434): Arancando el proceso SWAP...
[INFO] 19:48:52:869 SWAP/(3434:3434): Configuracion cargada satisfactoriamente...
[INFO] 19:48:52:869 SWAP/(3434:3434): Puerto de escucha: 6000
[INFO] 19:48:52:869 SWAP/(3434:3434): Nombre del archivo Swap: swap_data
[INFO] 19:48:52:869 SWAP/(3434:3434): Cantidad de paginas: 512
[INFO] 19:48:52:869 SWAP/(3434:3434): Tamanio de pagina: 1024
[INFO] 19:48:52:869 SWAP/(3434:3434): Retardo de compactacion: 60000
[INFO] 19:48:52:932 SWAP/(3434:3434): Partición SWAP creada satisfactoriamente
[INFO] 19:48:52:935 SWAP/(3434:3434): Gestión de asignación del SWAP inicializada satisfactoriamente
[INFO] 19:48:52:937 SWAP/(3434:3434): Esperando conexiones...
[INFO] 20:16:11:52 SWAP/(3434:3434): Nuevo cliente conectado
[ERROR] 20:41:05:129 SWAP/(3434:3434): La UMC se desconecto u ocurrio un error de comunicacion
[INFO] 20:41:48:694 SWAP/(4283:4283): Arancando el proceso SWAP...
[INFO] 20:41:48:700 SWAP/(4283:4283): Configuracion cargada satisfactoriamente...
[INFO] 20:41:48:701 SWAP/(4283:4283): Puerto de escucha: 6000
[INFO] 20:41:48:702 SWAP/(4283:4283): Nombre del archivo Swap: swap_data
[INFO] 20:41:48:703 SWAP/(4283:4283): Cantidad de paginas: 512
[INFO] 20:41:48:704 SWAP/(4283:4283): Tamanio de pagina: 1024
[INFO] 20:41:48:704 SWAP/(4283:4283): Retardo de compactacion: 60000
[INFO] 20:41:48:819 SWAP/(4283:4283): Partición SWAP creada satisfactoriamente
[INFO] 20:41:48:824 SWAP/(4283:4283): Gestión de asignación del SWAP inicializada satisfactoriamente
[INFO] 20:41:48:825 SWAP/(4283:4283): Esperando conexiones...
[INFO] 20:42:00:858 SWAP/(4283:4283): Nuevo cliente conectado
[ERROR] 20:46:11:414 SWAP/(4283:4283): La UMC se desconecto u ocurrio un error de comunicacion
[INFO] 20:46:40:733 SWAP/(4705:4705): Arancando el proceso SWAP...
[INFO] 20:46:40:737 SWAP/(4705:4705): Configuracion cargada satisfactoriamente...
[INFO] 20:46:40:740 SWAP/(4705:4705): Puerto de escucha: 6000
[INFO] 20:46:40:741 SWAP/(4705:4705): Nombre del archivo Swap: swap_data
[INFO] 20:46:40:741 SWAP/(4705:4705): Cantidad de paginas: 512
[INFO] 20:46:40:742 SWAP/(4705:4705): Tamanio de pagina: 1024
[INFO] 20:46:40:742 SWAP/(4705:4705): Retardo de compactacion: 60000
[INFO] 20:46:40:826 SWAP/(4705:4705): Partición SWAP creada satisfactoriamente
[INFO] 20:46:40:831 SWAP/(4705:4705): Gestión de asignación del SWAP inicializada satisfactoriamente
[INFO] 20:46:40:832 SWAP/(4705:4705): Esperando conexiones...
[INFO] 20:47:45:787 SWAP/(4705:4705): Nuevo cliente conectado
[ERROR] 20:50:32:197 SWAP/(4705:4705): La UMC se desconecto u ocurrio un error de comunicacion
[INFO] 20:52:31:438 SWAP/(5255:5255): Arancando el proceso SWAP...
[INFO] 20:52:31:446 SWAP/(5255:5255): Configuracion cargada satisfactoriamente...
[INFO] 20:52:31:446 SWAP/(5255:5255): Puerto de escucha: 6000
[INFO] 20:52:31:447 SWAP/(5255:5255): Nombre del archivo Swap: swap_data
[INFO] 20:52:31:447 SWAP/(5255:5255): Cantidad de paginas: 512
[INFO] 20:52:31:447 SWAP/(5255:5255): Tamanio de pagina: 1024
[INFO] 20:52:31:447 SWAP/(5255:5255): Retardo de compactacion: 60000
[INFO] 20:52:31:522 SWAP/(5255:5255): Partición SWAP creada satisfactoriamente
[INFO] 20:52:31:525 SWAP/(5255:5255): Gestión de asignación del SWAP inicializada satisfactoriamente
[INFO] 20:52:31:526 SWAP/(5255:5255): Esperando conexiones...
[INFO] 20:52:43:146 SWAP/(5255:5255): Nuevo cliente conectado
[ERROR] 20:56:45:171 SWAP/(5255:5255): La UMC se desconecto u ocurrio un error de comunicacion
